#
# There is insufficient memory for the Java Runtime Environment to continue.
# Native memory allocation (mmap) failed to map 264241152 bytes. Error detail: G1 virtual space
# Possible reasons:
#   The system is out of physical RAM or swap space
#   This process is running with CompressedOops enabled, and the Java Heap may be blocking the growth of the native heap
# Possible solutions:
#   Reduce memory load on the system
#   Increase physical memory or swap space
#   Check if swap backing store is full
#   Decrease Java heap size (-Xmx/-Xms)
#   Decrease number of Java threads
#   Decrease Java thread stack sizes (-Xss)
#   Set larger code cache with -XX:ReservedCodeCacheSize=
#   JVM is running with Zero Based Compressed Oops mode in which the Java heap is
#     placed in the first 32GB address space. The Java Heap base address is the
#     maximum limit for the native heap growth. Please use -XX:HeapBaseMinAddress
#     to set the Java Heap base and to place the Java Heap above 32GB virtual address.
# This output file may be truncated or incomplete.
#
#  Out of Memory Error (os_windows.cpp:3613), pid=27604, tid=31576
#
# JRE version:  (17.0.11+9) (build )
# Java VM: OpenJDK 64-Bit Server VM (17.0.11+9, mixed mode, sharing, tiered, compressed oops, compressed class ptrs, g1 gc, windows-amd64)
# No core dump will be written. Minidumps are not enabled by default on client versions of Windows
#

---------------  S U M M A R Y ------------

Command Line: -Dfile.encoding=UTF-8 --module-path=C:\Users\nourh\Downloads\eclipse-java-2022-12-R-win32-x86_64\eclipse\plugins\org.eclipse.fx.ide.css.jfx8_3.8.0.202204150904.jar;C:\Users\nourh\Downloads\openjfx-22.0.1_windows-x64_bin-sdk\javafx-sdk-22.0.1\lib\javafx.controls.jar;C:\Users\nourh\Downloads\openjfx-22.0.1_windows-x64_bin-sdk\javafx-sdk-22.0.1\lib\javafx.fxml.jar;C:\Users\nourh\Downloads\openjfx-22.0.1_windows-x64_bin-sdk\javafx-sdk-22.0.1\lib\javafx.graphics.jar;C:\Users\nourh\Downloads\openjfx-22.0.1_windows-x64_bin-sdk\javafx-sdk-22.0.1\lib\javafx.media.jar;C:\Users\nourh\Downloads\openjfx-22.0.1_windows-x64_bin-sdk\javafx-sdk-22.0.1\lib\javafx.swing.jar;C:\Users\nourh\Downloads\openjfx-22.0.1_windows-x64_bin-sdk\javafx-sdk-22.0.1\lib\javafx.web.jar;C:\Users\nourh\Downloads\openjfx-22.0.1_windows-x64_bin-sdk\javafx-sdk-22.0.1\lib\javafx.base.jar;C:\Users\nourh\Downloads\openjfx-22.0.1_windows-x64_bin-sdk\javafx-sdk-22.0.1\lib\javafx-swt.jar;C:\Users\nourh\OneDrive\Desktop\csen 403\Team62\bin -XX:+ShowCodeDetailsInExceptionMessages -Djdk.module.main=GUI GUI/game.gui.Main

Host: 13th Gen Intel(R) Core(TM) i9-13900H, 20 cores, 15G,  Windows 11 , 64 bit Build 22621 (10.0.22621.3527)
Time: Mon May 20 23:47:11 2024 Egypt Daylight Time elapsed time: 0.018339 seconds (0d 0h 0m 0s)

---------------  T H R E A D  ---------------

Current thread (0x000001adb7edaca0):  JavaThread "Unknown thread" [_thread_in_vm, id=31576, stack(0x000000a425600000,0x000000a425700000)]

Stack: [0x000000a425600000,0x000000a425700000]
Native frames: (J=compiled Java code, j=interpreted, Vv=VM code, C=native code)
V  [jvm.dll+0x67d429]
V  [jvm.dll+0x834b7a]
V  [jvm.dll+0x83663e]
V  [jvm.dll+0x836ca3]
V  [jvm.dll+0x247dbf]
V  [jvm.dll+0x67a269]
V  [jvm.dll+0x66ecda]
V  [jvm.dll+0x30797b]
V  [jvm.dll+0x30ee26]
V  [jvm.dll+0x35e80e]
V  [jvm.dll+0x35ea3f]
V  [jvm.dll+0x2de6b8]
V  [jvm.dll+0x2df624]
V  [jvm.dll+0x806531]
V  [jvm.dll+0x36c561]
V  [jvm.dll+0x7e4f56]
V  [jvm.dll+0x3efdcf]
V  [jvm.dll+0x3f1921]
C  [jli.dll+0x528f]
C  [ucrtbase.dll+0x29333]
C  [KERNEL32.DLL+0x1257d]
C  [ntdll.dll+0x5aa48]


---------------  P R O C E S S  ---------------

Threads class SMR info:
_java_thread_list=0x00007ffcfb79eed8, length=0, elements={
}

Java Threads: ( => current thread )

Other Threads:
  0x000001adb7f4a1e0 GCTaskThread "GC Thread#0" [stack: 0x000000a425700000,0x000000a425800000] [id=36892]
  0x000001adb7f5abf0 ConcurrentGCThread "G1 Main Marker" [stack: 0x000000a425800000,0x000000a425900000] [id=28916]
  0x000001adb7f5b610 ConcurrentGCThread "G1 Conc#0" [stack: 0x000000a425900000,0x000000a425a00000] [id=27936]

[error occurred during error reporting (printing all threads), id 0xc0000005, EXCEPTION_ACCESS_VIOLATION (0xc0000005) at pc=0x00007ffcfaf5f0f7]

VM state: not at safepoint (not fully initialized)

VM Mutex/Monitor currently owned by a thread:  ([mutex/lock_event])
[0x000001adb7ed4940] Heap_lock - owner thread: 0x000001adb7edaca0

Heap address: 0x0000000705400000, size: 4012 MB, Compressed Oops mode: Zero based, Oop shift amount: 3

CDS archive(s) mapped at: [0x0000000000000000-0x0000000000000000-0x0000000000000000), size 0, SharedBaseAddress: 0x0000000800000000, ArchiveRelocationMode: 1.
Narrow klass base: 0x0000000000000000, Narrow klass shift: 0, Narrow klass range: 0x0

GC Precious Log:
<Empty>

Heap:
 garbage-first heap   total 0K, used 0K [0x0000000705400000, 0x0000000800000000)
  region size 2048K, 0 young (0K), 0 survivors (0K)

[error occurred during error reporting (printing heap information), id 0xc0000005, EXCEPTION_ACCESS_VIOLATION (0xc0000005) at pc=0x00007ffcfb3470c9]

GC Heap History (0 events):
No events

Dll operation events (1 events):
Event: 0.009 Loaded shared library C:\Users\nourh\Downloads\eclipse-java-2022-12-R-win32-x86_64\eclipse\plugins\org.eclipse.justj.openjdk.hotspot.jre.full.win32.x86_64_17.0.11.v20240426-1830\jre\bin\java.dll

Deoptimization events (0 events):
No events

Classes unloaded (0 events):
No events

Classes redefined (0 events):
No events

Internal exceptions (0 events):
No events

VM Operations (0 events):
No events

Events (0 events):
No events


Dynamic libraries:
0x00007ff7f4930000 - 0x00007ff7f493e000 	C:\Users\nourh\Downloads\eclipse-java-2022-12-R-win32-x86_64\eclipse\plugins\org.eclipse.justj.openjdk.hotspot.jre.full.win32.x86_64_17.0.11.v20240426-1830\jre\bin\javaw.exe
0x00007ffda7ab0000 - 0x00007ffda7cc7000 	C:\Windows\SYSTEM32\ntdll.dll
0x00007ffda5d20000 - 0x00007ffda5de4000 	C:\Windows\System32\KERNEL32.DLL
0x00007ffda52d0000 - 0x00007ffda5677000 	C:\Windows\System32\KERNELBASE.dll
0x00007ffda4ff0000 - 0x00007ffda5101000 	C:\Windows\System32\ucrtbase.dll
0x00007ffd896e0000 - 0x00007ffd896fb000 	C:\Users\nourh\Downloads\eclipse-java-2022-12-R-win32-x86_64\eclipse\plugins\org.eclipse.justj.openjdk.hotspot.jre.full.win32.x86_64_17.0.11.v20240426-1830\jre\bin\VCRUNTIME140.dll
0x00007ffd858a0000 - 0x00007ffd858b7000 	C:\Users\nourh\Downloads\eclipse-java-2022-12-R-win32-x86_64\eclipse\plugins\org.eclipse.justj.openjdk.hotspot.jre.full.win32.x86_64_17.0.11.v20240426-1830\jre\bin\jli.dll
0x00007ffda7780000 - 0x00007ffda792e000 	C:\Windows\System32\USER32.dll
0x00007ffda4dd0000 - 0x00007ffda4df6000 	C:\Windows\System32\win32u.dll
0x00007ffda7930000 - 0x00007ffda7959000 	C:\Windows\System32\GDI32.dll
0x00007ffd87ce0000 - 0x00007ffd87f73000 	C:\Windows\WinSxS\amd64_microsoft.windows.common-controls_6595b64144ccf1df_6.0.22621.3527_none_270e469b73872a76\COMCTL32.dll
0x00007ffda5110000 - 0x00007ffda5229000 	C:\Windows\System32\gdi32full.dll
0x00007ffda5230000 - 0x00007ffda52ca000 	C:\Windows\System32\msvcp_win.dll
0x00007ffda6490000 - 0x00007ffda6537000 	C:\Windows\System32\msvcrt.dll
0x00007ffda5c80000 - 0x00007ffda5cb1000 	C:\Windows\System32\IMM32.DLL
0x00007ffd9b650000 - 0x00007ffd9b65c000 	C:\Users\nourh\Downloads\eclipse-java-2022-12-R-win32-x86_64\eclipse\plugins\org.eclipse.justj.openjdk.hotspot.jre.full.win32.x86_64_17.0.11.v20240426-1830\jre\bin\vcruntime140_1.dll
0x00007ffd6c8e0000 - 0x00007ffd6c96d000 	C:\Users\nourh\Downloads\eclipse-java-2022-12-R-win32-x86_64\eclipse\plugins\org.eclipse.justj.openjdk.hotspot.jre.full.win32.x86_64_17.0.11.v20240426-1830\jre\bin\msvcp140.dll
0x00007ffcfac70000 - 0x00007ffcfb8d2000 	C:\Users\nourh\Downloads\eclipse-java-2022-12-R-win32-x86_64\eclipse\plugins\org.eclipse.justj.openjdk.hotspot.jre.full.win32.x86_64_17.0.11.v20240426-1830\jre\bin\server\jvm.dll
0x00007ffda5850000 - 0x00007ffda5902000 	C:\Windows\System32\ADVAPI32.dll
0x00007ffda7960000 - 0x00007ffda7a08000 	C:\Windows\System32\sechost.dll
0x00007ffda56f0000 - 0x00007ffda5718000 	C:\Windows\System32\bcrypt.dll
0x00007ffda59d0000 - 0x00007ffda5ae5000 	C:\Windows\System32\RPCRT4.dll
0x00007ffda3c20000 - 0x00007ffda3c6d000 	C:\Windows\SYSTEM32\POWRPROF.dll
0x00007ffda2920000 - 0x00007ffda2929000 	C:\Windows\SYSTEM32\WSOCK32.dll
0x00007ffda6410000 - 0x00007ffda6481000 	C:\Windows\System32\WS2_32.dll
0x00007ffda28d0000 - 0x00007ffda28da000 	C:\Windows\SYSTEM32\VERSION.dll
0x00007ffd9b310000 - 0x00007ffd9b344000 	C:\Windows\SYSTEM32\WINMM.dll
0x00007ffda3c00000 - 0x00007ffda3c13000 	C:\Windows\SYSTEM32\UMPDC.dll
0x00007ffda3eb0000 - 0x00007ffda3ec8000 	C:\Windows\SYSTEM32\kernel.appcore.dll
0x00007ffd9de70000 - 0x00007ffd9de7a000 	C:\Users\nourh\Downloads\eclipse-java-2022-12-R-win32-x86_64\eclipse\plugins\org.eclipse.justj.openjdk.hotspot.jre.full.win32.x86_64_17.0.11.v20240426-1830\jre\bin\jimage.dll
0x00007ffda19f0000 - 0x00007ffda1c22000 	C:\Windows\SYSTEM32\DBGHELP.DLL
0x00007ffda6560000 - 0x00007ffda68e8000 	C:\Windows\System32\combase.dll
0x00007ffda5ef0000 - 0x00007ffda5fc7000 	C:\Windows\System32\OLEAUT32.dll
0x00007ffd99760000 - 0x00007ffd99792000 	C:\Windows\SYSTEM32\dbgcore.DLL
0x00007ffda4f70000 - 0x00007ffda4fe9000 	C:\Windows\System32\bcryptPrimitives.dll
0x00007ffd7ef70000 - 0x00007ffd7ef95000 	C:\Users\nourh\Downloads\eclipse-java-2022-12-R-win32-x86_64\eclipse\plugins\org.eclipse.justj.openjdk.hotspot.jre.full.win32.x86_64_17.0.11.v20240426-1830\jre\bin\java.dll

dbghelp: loaded successfully - version: 4.0.5 - missing functions: none
symbol engine: initialized successfully - sym options: 0x614 - pdb path: .;C:\Users\nourh\Downloads\eclipse-java-2022-12-R-win32-x86_64\eclipse\plugins\org.eclipse.justj.openjdk.hotspot.jre.full.win32.x86_64_17.0.11.v20240426-1830\jre\bin;C:\Windows\SYSTEM32;C:\Windows\WinSxS\amd64_microsoft.windows.common-controls_6595b64144ccf1df_6.0.22621.3527_none_270e469b73872a76;C:\Users\nourh\Downloads\eclipse-java-2022-12-R-win32-x86_64\eclipse\plugins\org.eclipse.justj.openjdk.hotspot.jre.full.win32.x86_64_17.0.11.v20240426-1830\jre\bin\server

VM Arguments:
jvm_args: -Dfile.encoding=UTF-8 --module-path=C:\Users\nourh\Downloads\eclipse-java-2022-12-R-win32-x86_64\eclipse\plugins\org.eclipse.fx.ide.css.jfx8_3.8.0.202204150904.jar;C:\Users\nourh\Downloads\openjfx-22.0.1_windows-x64_bin-sdk\javafx-sdk-22.0.1\lib\javafx.controls.jar;C:\Users\nourh\Downloads\openjfx-22.0.1_windows-x64_bin-sdk\javafx-sdk-22.0.1\lib\javafx.fxml.jar;C:\Users\nourh\Downloads\openjfx-22.0.1_windows-x64_bin-sdk\javafx-sdk-22.0.1\lib\javafx.graphics.jar;C:\Users\nourh\Downloads\openjfx-22.0.1_windows-x64_bin-sdk\javafx-sdk-22.0.1\lib\javafx.media.jar;C:\Users\nourh\Downloads\openjfx-22.0.1_windows-x64_bin-sdk\javafx-sdk-22.0.1\lib\javafx.swing.jar;C:\Users\nourh\Downloads\openjfx-22.0.1_windows-x64_bin-sdk\javafx-sdk-22.0.1\lib\javafx.web.jar;C:\Users\nourh\Downloads\openjfx-22.0.1_windows-x64_bin-sdk\javafx-sdk-22.0.1\lib\javafx.base.jar;C:\Users\nourh\Downloads\openjfx-22.0.1_windows-x64_bin-sdk\javafx-sdk-22.0.1\lib\javafx-swt.jar;C:\Users\nourh\OneDrive\Desktop\csen 403\Team62\bin -XX:+ShowCodeDetailsInExceptionMessages -Djdk.module.main=GUI 
java_command: GUI/game.gui.Main
java_class_path (initial): <not set>
Launcher Type: SUN_STANDARD

[Global flags]
     intx CICompilerCount                          = 12                                        {product} {ergonomic}
     uint ConcGCThreads                            = 4                                         {product} {ergonomic}
     uint G1ConcRefinementThreads                  = 15                                        {product} {ergonomic}
   size_t G1HeapRegionSize                         = 2097152                                   {product} {ergonomic}
    uintx GCDrainStackTargetSize                   = 64                                        {product} {ergonomic}
   size_t InitialHeapSize                          = 264241152                                 {product} {ergonomic}
   size_t MarkStackSize                            = 4194304                                   {product} {ergonomic}
   size_t MaxHeapSize                              = 4206886912                                {product} {ergonomic}
   size_t MinHeapDeltaBytes                        = 2097152                                   {product} {ergonomic}
   size_t MinHeapSize                              = 8388608                                   {product} {ergonomic}
    uintx NonNMethodCodeHeapSize                   = 7602480                                {pd product} {ergonomic}
    uintx NonProfiledCodeHeapSize                  = 122027880                              {pd product} {ergonomic}
    uintx ProfiledCodeHeapSize                     = 122027880                              {pd product} {ergonomic}
    uintx ReservedCodeCacheSize                    = 251658240                              {pd product} {ergonomic}
     bool SegmentedCodeCache                       = true                                      {product} {ergonomic}
     bool ShowCodeDetailsInExceptionMessages       = true                                   {manageable} {command line}
   size_t SoftMaxHeapSize                          = 4206886912                             {manageable} {ergonomic}
     bool UseCompressedClassPointers               = true                           {product lp64_product} {ergonomic}
     bool UseCompressedOops                        = true                           {product lp64_product} {ergonomic}
     bool UseG1GC                                  = true                                      {product} {ergonomic}
     bool UseLargePagesIndividualAllocation        = false                                  {pd product} {ergonomic}

Logging:
Log output configuration:
 #0: stdout all=warning uptime,level,tags
 #1: stderr all=off uptime,level,tags

Environment Variables:
PATH=C:/Users/nourh/Downloads/eclipse-java-2022-12-R-win32-x86_64/eclipse//plugins/org.eclipse.justj.openjdk.hotspot.jre.full.win32.x86_64_17.0.11.v20240426-1830/jre/bin/server;C:/Users/nourh/Downloads/eclipse-java-2022-12-R-win32-x86_64/eclipse//plugins/org.eclipse.justj.openjdk.hotspot.jre.full.win32.x86_64_17.0.11.v20240426-1830/jre/bin;C:\Program Files (x86)\Common Files\Oracle\Java\javapath;C:\Windows\system32;C:\Windows;C:\Windows\System32\Wbem;C:\Windows\System32\WindowsPowerShell\v1.0\;C:\Windows\System32\OpenSSH\;C:\Program Files (x86)\NVIDIA Corporation\PhysX\Common;C:\Program Files\NVIDIA Corporation\NVIDIA NvDLISR;C:\Users\nourh\AppData\Local\Microsoft\WindowsApps;;C:\Users\nourh\Downloads\eclipse-java-2022-12-R-win32-x86_64\eclipse;
USERNAME=nourh
OS=Windows_NT
PROCESSOR_IDENTIFIER=Intel64 Family 6 Model 186 Stepping 2, GenuineIntel
TMP=C:\Users\nourh\AppData\Local\Temp
TEMP=C:\Users\nourh\AppData\Local\Temp



Periodic native trim disabled


---------------  S Y S T E M  ---------------

OS:
 Windows 11 , 64 bit Build 22621 (10.0.22621.3527)
OS uptime: 1 days 9:25 hours
Hyper-V role detected

CPU: total 20 (initial active 20) (10 cores per cpu, 2 threads per core) family 6 model 186 stepping 2 microcode 0x410e, cx8, cmov, fxsr, ht, mmx, 3dnowpref, sse, sse2, sse3, ssse3, sse4.1, sse4.2, popcnt, lzcnt, tsc, tscinvbit, avx, avx2, aes, erms, clmul, bmi1, bmi2, adx, sha, fma, vzeroupper, clflush, clflushopt, clwb, hv
Processor Information for processor 0
  Max Mhz: 2600, Current Mhz: 2600, Mhz Limit: 2600
Processor Information for processor 1
  Max Mhz: 2600, Current Mhz: 2600, Mhz Limit: 2600
Processor Information for processor 2
  Max Mhz: 2600, Current Mhz: 2600, Mhz Limit: 2600
Processor Information for processor 3
  Max Mhz: 2600, Current Mhz: 2600, Mhz Limit: 2600
Processor Information for processor 4
  Max Mhz: 2600, Current Mhz: 1496, Mhz Limit: 2600
Processor Information for processor 5
  Max Mhz: 2600, Current Mhz: 2600, Mhz Limit: 2600
Processor Information for processor 6
  Max Mhz: 2600, Current Mhz: 2600, Mhz Limit: 2600
Processor Information for processor 7
  Max Mhz: 2600, Current Mhz: 2600, Mhz Limit: 2600
Processor Information for processor 8
  Max Mhz: 2600, Current Mhz: 1496, Mhz Limit: 2600
Processor Information for processor 9
  Max Mhz: 2600, Current Mhz: 2600, Mhz Limit: 2600
Processor Information for processor 10
  Max Mhz: 2600, Current Mhz: 2600, Mhz Limit: 2600
Processor Information for processor 11
  Max Mhz: 2600, Current Mhz: 1496, Mhz Limit: 2600
Processor Information for processor 12
  Max Mhz: 2600, Current Mhz: 1500, Mhz Limit: 1898
Processor Information for processor 13
  Max Mhz: 2600, Current Mhz: 1500, Mhz Limit: 1898
Processor Information for processor 14
  Max Mhz: 2600, Current Mhz: 1500, Mhz Limit: 1898
Processor Information for processor 15
  Max Mhz: 2600, Current Mhz: 1500, Mhz Limit: 1898
Processor Information for processor 16
  Max Mhz: 2600, Current Mhz: 1900, Mhz Limit: 1898
Processor Information for processor 17
  Max Mhz: 2600, Current Mhz: 1500, Mhz Limit: 1898
Processor Information for processor 18
  Max Mhz: 2600, Current Mhz: 1900, Mhz Limit: 1898
Processor Information for processor 19
  Max Mhz: 2600, Current Mhz: 1900, Mhz Limit: 1898

Memory: 4k page, system-wide physical 16041M (981M free)
TotalPageFile size 65187M (AvailPageFile size 139M)
current process WorkingSet (physical memory assigned to process): 11M, peak: 11M
current process commit charge ("private bytes"): 75M, peak: 327M

vm_info: OpenJDK 64-Bit Server VM (17.0.11+9) for windows-amd64 JRE (17.0.11+9), built on Apr 17 2024 06:07:48 by "admin" with MS VC++ 16.10 / 16.11 (VS2019)

END.
